<?xml version="1.0" encoding="UTF-8"?>
<testsuite xmlns:xsi="http://www.w3.org/2001/XMLSchema-instance" xsi:noNamespaceSchemaLocation="https://maven.apache.org/surefire/maven-surefire-plugin/xsd/surefire-test-report.xsd" name="sn.pad.pe.pss.controllers.DossierCongeControllerTest" time="0.647" tests="6" errors="0" skipped="0" failures="0">
  <properties>
[...]
</properties>
  <testcase name="testGetAgentById_1" classname="sn.pad.pe.pss.controllers.DossierCongeControllerTest" time="0.163"/>
  <testcase name="testCreate" classname="sn.pad.pe.pss.controllers.DossierCongeControllerTest" time="0.093"/>
  <testcase name="testGetDossierCongeByAnnee" classname="sn.pad.pe.pss.controllers.DossierCongeControllerTest" time="0.104"/>
  <testcase name="testDelete" classname="sn.pad.pe.pss.controllers.DossierCongeControllerTest" time="0.095"/>
  <testcase name="testUpdate" classname="sn.pad.pe.pss.controllers.DossierCongeControllerTest" time="0.093"/>
  <testcase name="testGetDossierConges" classname="sn.pad.pe.pss.controllers.DossierCongeControllerTest" time="0.094"/>
</testsuite>