# JRE version: Java(TM) SE Runtime Environment 18.9 (11.0.9+7) (build 11.0.9+7-LTS)
# Java VM: Java HotSpot(TM) 64-Bit Server VM 18.9 (11.0.9+7-LTS, mixed mode, tiered, compressed oops, g1 gc, windows-amd64)
Heap:
 garbage-first heap   total 374784K, used 140288K [0x0000000083200000, 0x0000000100000000)
  region size 1024K, 69 young (70656K), 18 survivors (18432K)
 Metaspace       used 91142K, capacity 93522K, committed 93696K, reserved 1132544K
  class space    used 10183K, capacity 10966K, committed 11008K, reserved 1048576K
GC Heap History (10 events):
Event: 204.802 GC heap before
{Heap before GC invocations=262 (full 0):
 garbage-first heap   total 187392K, used 135650K [0x0000000083200000, 0x0000000100000000)
  region size 1024K, 76 young (77824K), 3 survivors (3072K)
 Metaspace       used 90592K, capacity 93031K, committed 93184K, reserved 1132544K
  class space    used 10139K, capacity 10932K, committed 11008K, reserved 1048576K
}
Event: 204.806 GC heap after
{Heap after GC invocations=263 (full 0):
 garbage-first heap   total 187392K, used 66018K [0x0000000083200000, 0x0000000100000000)
  region size 1024K, 8 young (8192K), 8 survivors (8192K)
 Metaspace       used 90592K, capacity 93031K, committed 93184K, reserved 1132544K
  class space    used 10139K, capacity 10932K, committed 11008K, reserved 1048576K
}
Event: 205.408 GC heap before
{Heap before GC invocations=263 (full 0):
 garbage-first heap   total 187392K, used 138722K [0x0000000083200000, 0x0000000100000000)
  region size 1024K, 79 young (80896K), 8 survivors (8192K)
 Metaspace       used 90594K, capacity 93031K, committed 93184K, reserved 1132544K
  class space    used 10139K, capacity 10932K, committed 11008K, reserved 1048576K
}
Event: 205.531 GC heap after
{Heap after GC invocations=264 (full 0):
 garbage-first heap   total 187392K, used 72505K [0x0000000083200000, 0x0000000100000000)
  region size 1024K, 7 young (7168K), 7 survivors (7168K)
 Metaspace       used 90594K, capacity 93031K, committed 93184K, reserved 1132544K
  class space    used 10139K, capacity 10932K, committed 11008K, reserved 1048576K
}
Event: 206.123 GC heap before
{Heap before GC invocations=264 (full 0):
 garbage-first heap   total 187392K, used 142137K [0x0000000083200000, 0x0000000100000000)
  region size 1024K, 75 young (76800K), 7 survivors (7168K)
 Metaspace       used 90594K, capacity 93031K, committed 93184K, reserved 1132544K
  class space    used 10139K, capacity 10932K, committed 11008K, reserved 1048576K
}
Event: 206.143 GC heap after
{Heap after GC invocations=265 (full 0):
 garbage-first heap   total 374784K, used 74642K [0x0000000083200000, 0x0000000100000000)
  region size 1024K, 3 young (3072K), 3 survivors (3072K)
 Metaspace       used 90594K, capacity 93031K, committed 93184K, reserved 1132544K
  class space    used 10139K, capacity 10932K, committed 11008K, reserved 1048576K
}
Event: 210.321 GC heap before
{Heap before GC invocations=265 (full 0):
 garbage-first heap   total 374784K, used 275346K [0x0000000083200000, 0x0000000100000000)
  region size 1024K, 200 young (204800K), 3 survivors (3072K)
 Metaspace       used 91115K, capacity 93518K, committed 93696K, reserved 1132544K
  class space    used 10183K, capacity 10966K, committed 11008K, reserved 1048576K
}
Event: 210.324 GC heap after
{Heap after GC invocations=266 (full 0):
 garbage-first heap   total 374784K, used 78171K [0x0000000083200000, 0x0000000100000000)
  region size 1024K, 7 young (7168K), 7 survivors (7168K)
 Metaspace       used 91115K, capacity 93518K, committed 93696K, reserved 1132544K
  class space    used 10183K, capacity 10966K, committed 11008K, reserved 1048576K
}
Event: 211.719 GC heap before
{Heap before GC invocations=266 (full 0):
 garbage-first heap   total 374784K, used 285019K [0x0000000083200000, 0x0000000100000000)
  region size 1024K, 209 young (214016K), 7 survivors (7168K)
 Metaspace       used 91126K, capacity 93521K, committed 93696K, reserved 1132544K
  class space    used 10183K, capacity 10966K, committed 11008K, reserved 1048576K
}
Event: 211.730 GC heap after
{Heap after GC invocations=267 (full 0):
 garbage-first heap   total 374784K, used 90112K [0x0000000083200000, 0x0000000100000000)
  region size 1024K, 18 young (18432K), 18 survivors (18432K)
 Metaspace       used 91126K, capacity 93521K, committed 93696K, reserved 1132544K
  class space    used 10183K, capacity 10966K, committed 11008K, reserved 1048576K
}

